java.lang.RuntimeException: generate oucur error,templateFile is:${basepackage_dir}\${classNameLowerCase}\dao\${className}Dao.java => D:\bing.wang\mavenshop\block\block-biz\src\main\java\com\qk\module\font\com\qk\module\font\entrysub\dao\EntrySubDao.java cause:freemarker.template.TemplateException: Error reading included file java_copyright.include
	at cn.org.rapid_framework.generator.Generator$TemplateProcessor.executeGenerate(Generator.java:352)
	at cn.org.rapid_framework.generator.Generator$TemplateProcessor.access$100(Generator.java:308)
	at cn.org.rapid_framework.generator.Generator.scanTemplatesAndProcess(Generator.java:288)
	at cn.org.rapid_framework.generator.Generator.processTemplateRootDirs(Generator.java:216)
	at cn.org.rapid_framework.generator.Generator.generateBy(Generator.java:179)
	at cn.org.rapid_framework.generator.GeneratorFacade$ProcessUtils.processByTable(GeneratorFacade.java:275)
	at cn.org.rapid_framework.generator.GeneratorFacade$ProcessUtils.processByTable(GeneratorFacade.java:243)
	at cn.org.rapid_framework.generator.GeneratorFacade.generateByTable(GeneratorFacade.java:122)
	at codefactory.CodeGenerator.genterTable(CodeGenerator.java:34)
	at codefactory.CodeGenerator.main(CodeGenerator.java:15)
Caused by: freemarker.template.TemplateException: Error reading included file java_copyright.include
	at freemarker.core.Include.accept(Include.java:167)
	at freemarker.core.Environment.visit(Environment.java:210)
	at freemarker.core.MixedContent.accept(MixedContent.java:92)
	at freemarker.core.Environment.visit(Environment.java:210)
	at freemarker.core.Environment.process(Environment.java:190)
	at freemarker.template.Template.process(Template.java:237)
	at cn.org.rapid_framework.generator.Generator$TemplateProcessor.processTemplateForGeneratorControl(Generator.java:388)
	at cn.org.rapid_framework.generator.Generator$TemplateProcessor.executeGenerate(Generator.java:340)
	... 9 more
Caused by: java.io.FileNotFoundException: Template java_copyright.include not found.
	at freemarker.template.Configuration.getTemplate(Configuration.java:489)
	at freemarker.core.Environment.getTemplateForInclusion(Environment.java:1465)
	at freemarker.core.Include.accept(Include.java:157)
	... 16 more
java.lang.RuntimeException: generate oucur error,templateFile is:${basepackage_dir}\${classNameLowerCase}\dao\impl\${className}DaoImpl.java => D:\bing.wang\mavenshop\block\block-biz\src\main\java\com\qk\module\font\com\qk\module\font\entrysub\dao\impl\EntrySubDaoImpl.java cause:freemarker.template.TemplateException: Error reading included file java_copyright.include
	at cn.org.rapid_framework.generator.Generator$TemplateProcessor.executeGenerate(Generator.java:352)
	at cn.org.rapid_framework.generator.Generator$TemplateProcessor.access$100(Generator.java:308)
	at cn.org.rapid_framework.generator.Generator.scanTemplatesAndProcess(Generator.java:288)
	at cn.org.rapid_framework.generator.Generator.processTemplateRootDirs(Generator.java:216)
	at cn.org.rapid_framework.generator.Generator.generateBy(Generator.java:179)
	at cn.org.rapid_framework.generator.GeneratorFacade$ProcessUtils.processByTable(GeneratorFacade.java:275)
	at cn.org.rapid_framework.generator.GeneratorFacade$ProcessUtils.processByTable(GeneratorFacade.java:243)
	at cn.org.rapid_framework.generator.GeneratorFacade.generateByTable(GeneratorFacade.java:122)
	at codefactory.CodeGenerator.genterTable(CodeGenerator.java:34)
	at codefactory.CodeGenerator.main(CodeGenerator.java:15)
Caused by: freemarker.template.TemplateException: Error reading included file java_copyright.include
	at freemarker.core.Include.accept(Include.java:167)
	at freemarker.core.Environment.visit(Environment.java:210)
	at freemarker.core.MixedContent.accept(MixedContent.java:92)
	at freemarker.core.Environment.visit(Environment.java:210)
	at freemarker.core.Environment.process(Environment.java:190)
	at freemarker.template.Template.process(Template.java:237)
	at cn.org.rapid_framework.generator.Generator$TemplateProcessor.processTemplateForGeneratorControl(Generator.java:388)
	at cn.org.rapid_framework.generator.Generator$TemplateProcessor.executeGenerate(Generator.java:340)
	... 9 more
Caused by: java.io.FileNotFoundException: Template java_copyright.include not found.
	at freemarker.template.Configuration.getTemplate(Configuration.java:489)
	at freemarker.core.Environment.getTemplateForInclusion(Environment.java:1465)
	at freemarker.core.Include.accept(Include.java:157)
	... 16 more
java.lang.RuntimeException: generate oucur error,templateFile is:${basepackage_dir}\${classNameLowerCase}\entity\${className}.java => D:\bing.wang\mavenshop\block\block-biz\src\main\java\com\qk\module\font\com\qk\module\font\entrysub\entity\EntrySub.java cause:freemarker.template.TemplateException: Error reading included file java_copyright.include
	at cn.org.rapid_framework.generator.Generator$TemplateProcessor.executeGenerate(Generator.java:352)
	at cn.org.rapid_framework.generator.Generator$TemplateProcessor.access$100(Generator.java:308)
	at cn.org.rapid_framework.generator.Generator.scanTemplatesAndProcess(Generator.java:288)
	at cn.org.rapid_framework.generator.Generator.processTemplateRootDirs(Generator.java:216)
	at cn.org.rapid_framework.generator.Generator.generateBy(Generator.java:179)
	at cn.org.rapid_framework.generator.GeneratorFacade$ProcessUtils.processByTable(GeneratorFacade.java:275)
	at cn.org.rapid_framework.generator.GeneratorFacade$ProcessUtils.processByTable(GeneratorFacade.java:243)
	at cn.org.rapid_framework.generator.GeneratorFacade.generateByTable(GeneratorFacade.java:122)
	at codefactory.CodeGenerator.genterTable(CodeGenerator.java:34)
	at codefactory.CodeGenerator.main(CodeGenerator.java:15)
Caused by: freemarker.template.TemplateException: Error reading included file java_copyright.include
	at freemarker.core.Include.accept(Include.java:167)
	at freemarker.core.Environment.visit(Environment.java:210)
	at freemarker.core.MixedContent.accept(MixedContent.java:92)
	at freemarker.core.Environment.visit(Environment.java:210)
	at freemarker.core.Environment.process(Environment.java:190)
	at freemarker.template.Template.process(Template.java:237)
	at cn.org.rapid_framework.generator.Generator$TemplateProcessor.processTemplateForGeneratorControl(Generator.java:388)
	at cn.org.rapid_framework.generator.Generator$TemplateProcessor.executeGenerate(Generator.java:340)
	... 9 more
Caused by: java.io.FileNotFoundException: Template java_copyright.include not found.
	at freemarker.template.Configuration.getTemplate(Configuration.java:489)
	at freemarker.core.Environment.getTemplateForInclusion(Environment.java:1465)
	at freemarker.core.Include.accept(Include.java:157)
	... 16 more
java.lang.RuntimeException: generate oucur error,templateFile is:${basepackage_dir}\${classNameLowerCase}\mapper\${className}Mapper.xml => D:\bing.wang\mavenshop\block\block-biz\src\main\java\com\qk\module\font\com\qk\module\font\entrysub\mapper\EntrySubMapper.xml cause:freemarker.template.TemplateException: Error reading included file macro.include
	at cn.org.rapid_framework.generator.Generator$TemplateProcessor.executeGenerate(Generator.java:352)
	at cn.org.rapid_framework.generator.Generator$TemplateProcessor.access$100(Generator.java:308)
	at cn.org.rapid_framework.generator.Generator.scanTemplatesAndProcess(Generator.java:288)
	at cn.org.rapid_framework.generator.Generator.processTemplateRootDirs(Generator.java:216)
	at cn.org.rapid_framework.generator.Generator.generateBy(Generator.java:179)
	at cn.org.rapid_framework.generator.GeneratorFacade$ProcessUtils.processByTable(GeneratorFacade.java:275)
	at cn.org.rapid_framework.generator.GeneratorFacade$ProcessUtils.processByTable(GeneratorFacade.java:243)
	at cn.org.rapid_framework.generator.GeneratorFacade.generateByTable(GeneratorFacade.java:122)
	at codefactory.CodeGenerator.genterTable(CodeGenerator.java:34)
	at codefactory.CodeGenerator.main(CodeGenerator.java:15)
Caused by: freemarker.template.TemplateException: Error reading included file macro.include
	at freemarker.core.Include.accept(Include.java:167)
	at freemarker.core.Environment.visit(Environment.java:210)
	at freemarker.core.MixedContent.accept(MixedContent.java:92)
	at freemarker.core.Environment.visit(Environment.java:210)
	at freemarker.core.Environment.process(Environment.java:190)
	at freemarker.template.Template.process(Template.java:237)
	at cn.org.rapid_framework.generator.Generator$TemplateProcessor.processTemplateForGeneratorControl(Generator.java:388)
	at cn.org.rapid_framework.generator.Generator$TemplateProcessor.executeGenerate(Generator.java:340)
	... 9 more
Caused by: java.io.FileNotFoundException: Template macro.include not found.
	at freemarker.template.Configuration.getTemplate(Configuration.java:489)
	at freemarker.core.Environment.getTemplateForInclusion(Environment.java:1465)
	at freemarker.core.Include.accept(Include.java:157)
	... 16 more
java.lang.RuntimeException: generate oucur error,templateFile is:${basepackage_dir}\${classNameLowerCase}\service\${className}Service.java => D:\bing.wang\mavenshop\block\block-biz\src\main\java\com\qk\module\font\com\qk\module\font\entrysub\service\EntrySubService.java cause:freemarker.template.TemplateException: Error reading included file java_copyright.include
	at cn.org.rapid_framework.generator.Generator$TemplateProcessor.executeGenerate(Generator.java:352)
	at cn.org.rapid_framework.generator.Generator$TemplateProcessor.access$100(Generator.java:308)
	at cn.org.rapid_framework.generator.Generator.scanTemplatesAndProcess(Generator.java:288)
	at cn.org.rapid_framework.generator.Generator.processTemplateRootDirs(Generator.java:216)
	at cn.org.rapid_framework.generator.Generator.generateBy(Generator.java:179)
	at cn.org.rapid_framework.generator.GeneratorFacade$ProcessUtils.processByTable(GeneratorFacade.java:275)
	at cn.org.rapid_framework.generator.GeneratorFacade$ProcessUtils.processByTable(GeneratorFacade.java:243)
	at cn.org.rapid_framework.generator.GeneratorFacade.generateByTable(GeneratorFacade.java:122)
	at codefactory.CodeGenerator.genterTable(CodeGenerator.java:34)
	at codefactory.CodeGenerator.main(CodeGenerator.java:15)
Caused by: freemarker.template.TemplateException: Error reading included file java_copyright.include
	at freemarker.core.Include.accept(Include.java:167)
	at freemarker.core.Environment.visit(Environment.java:210)
	at freemarker.core.MixedContent.accept(MixedContent.java:92)
	at freemarker.core.Environment.visit(Environment.java:210)
	at freemarker.core.Environment.process(Environment.java:190)
	at freemarker.template.Template.process(Template.java:237)
	at cn.org.rapid_framework.generator.Generator$TemplateProcessor.processTemplateForGeneratorControl(Generator.java:388)
	at cn.org.rapid_framework.generator.Generator$TemplateProcessor.executeGenerate(Generator.java:340)
	... 9 more
Caused by: java.io.FileNotFoundException: Template java_copyright.include not found.
	at freemarker.template.Configuration.getTemplate(Configuration.java:489)
	at freemarker.core.Environment.getTemplateForInclusion(Environment.java:1465)
	at freemarker.core.Include.accept(Include.java:157)
	... 16 more
java.lang.RuntimeException: generate oucur error,templateFile is:${basepackage_dir}\${classNameLowerCase}\service\impl\${className}ServiceImpl.java => D:\bing.wang\mavenshop\block\block-biz\src\main\java\com\qk\module\font\com\qk\module\font\entrysub\service\impl\EntrySubServiceImpl.java cause:freemarker.template.TemplateException: Error reading included file java_copyright.include
	at cn.org.rapid_framework.generator.Generator$TemplateProcessor.executeGenerate(Generator.java:352)
	at cn.org.rapid_framework.generator.Generator$TemplateProcessor.access$100(Generator.java:308)
	at cn.org.rapid_framework.generator.Generator.scanTemplatesAndProcess(Generator.java:288)
	at cn.org.rapid_framework.generator.Generator.processTemplateRootDirs(Generator.java:216)
	at cn.org.rapid_framework.generator.Generator.generateBy(Generator.java:179)
	at cn.org.rapid_framework.generator.GeneratorFacade$ProcessUtils.processByTable(GeneratorFacade.java:275)
	at cn.org.rapid_framework.generator.GeneratorFacade$ProcessUtils.processByTable(GeneratorFacade.java:243)
	at cn.org.rapid_framework.generator.GeneratorFacade.generateByTable(GeneratorFacade.java:122)
	at codefactory.CodeGenerator.genterTable(CodeGenerator.java:34)
	at codefactory.CodeGenerator.main(CodeGenerator.java:15)
Caused by: freemarker.template.TemplateException: Error reading included file java_copyright.include
	at freemarker.core.Include.accept(Include.java:167)
	at freemarker.core.Environment.visit(Environment.java:210)
	at freemarker.core.MixedContent.accept(MixedContent.java:92)
	at freemarker.core.Environment.visit(Environment.java:210)
	at freemarker.core.Environment.process(Environment.java:190)
	at freemarker.template.Template.process(Template.java:237)
	at cn.org.rapid_framework.generator.Generator$TemplateProcessor.processTemplateForGeneratorControl(Generator.java:388)
	at cn.org.rapid_framework.generator.Generator$TemplateProcessor.executeGenerate(Generator.java:340)
	... 9 more
Caused by: java.io.FileNotFoundException: Template java_copyright.include not found.
	at freemarker.template.Configuration.getTemplate(Configuration.java:489)
	at freemarker.core.Environment.getTemplateForInclusion(Environment.java:1465)
	at freemarker.core.Include.accept(Include.java:157)
	... 16 more
java.lang.RuntimeException: generate oucur error,templateFile is:${basepackage_dir}\${classNameLowerCase}\web\${className}Controller.java => D:\bing.wang\mavenshop\block\block-biz\src\main\java\com\qk\module\font\com\qk\module\font\entrysub\web\EntrySubController.java cause:freemarker.template.TemplateException: Error reading included file java_copyright.include
	at cn.org.rapid_framework.generator.Generator$TemplateProcessor.executeGenerate(Generator.java:352)
	at cn.org.rapid_framework.generator.Generator$TemplateProcessor.access$100(Generator.java:308)
	at cn.org.rapid_framework.generator.Generator.scanTemplatesAndProcess(Generator.java:288)
	at cn.org.rapid_framework.generator.Generator.processTemplateRootDirs(Generator.java:216)
	at cn.org.rapid_framework.generator.Generator.generateBy(Generator.java:179)
	at cn.org.rapid_framework.generator.GeneratorFacade$ProcessUtils.processByTable(GeneratorFacade.java:275)
	at cn.org.rapid_framework.generator.GeneratorFacade$ProcessUtils.processByTable(GeneratorFacade.java:243)
	at cn.org.rapid_framework.generator.GeneratorFacade.generateByTable(GeneratorFacade.java:122)
	at codefactory.CodeGenerator.genterTable(CodeGenerator.java:34)
	at codefactory.CodeGenerator.main(CodeGenerator.java:15)
Caused by: freemarker.template.TemplateException: Error reading included file java_copyright.include
	at freemarker.core.Include.accept(Include.java:167)
	at freemarker.core.Environment.visit(Environment.java:210)
	at freemarker.core.MixedContent.accept(MixedContent.java:92)
	at freemarker.core.Environment.visit(Environment.java:210)
	at freemarker.core.Environment.process(Environment.java:190)
	at freemarker.template.Template.process(Template.java:237)
	at cn.org.rapid_framework.generator.Generator$TemplateProcessor.processTemplateForGeneratorControl(Generator.java:388)
	at cn.org.rapid_framework.generator.Generator$TemplateProcessor.executeGenerate(Generator.java:340)
	... 9 more
Caused by: java.io.FileNotFoundException: Template java_copyright.include not found.
	at freemarker.template.Configuration.getTemplate(Configuration.java:489)
	at freemarker.core.Environment.getTemplateForInclusion(Environment.java:1465)
	at freemarker.core.Include.accept(Include.java:157)
	... 16 more
